  [1m[35m (608.7ms)[0m  [1m[35mCREATE DATABASE "devise-sandbox-v2-api_development" ENCODING = 'unicode'[0m
  ↳ /Users/siobhanpmahoney/.rvm/gems/ruby-2.3.5/bin/rake:23
  [1m[35m (456.1ms)[0m  [1m[35mCREATE DATABASE "devise-sandbox-v2-api_test" ENCODING = 'unicode'[0m
  ↳ /Users/siobhanpmahoney/.rvm/gems/ruby-2.3.5/bin/rake:23
  [1m[35m (19.2ms)[0m  [1m[35mCREATE TABLE "schema_migrations" ("version" character varying NOT NULL PRIMARY KEY)[0m
  ↳ /Users/siobhanpmahoney/.rvm/gems/ruby-2.3.5/bin/rake:23
  [1m[35m (26.1ms)[0m  [1m[35mCREATE TABLE "ar_internal_metadata" ("key" character varying NOT NULL PRIMARY KEY, "value" character varying, "created_at" timestamp NOT NULL, "updated_at" timestamp NOT NULL)[0m
  ↳ /Users/siobhanpmahoney/.rvm/gems/ruby-2.3.5/bin/rake:23
  [1m[35m (0.7ms)[0m  [1m[34mSELECT pg_try_advisory_lock(452981143388881170)[0m
  ↳ /Users/siobhanpmahoney/.rvm/gems/ruby-2.3.5/bin/rake:23
  [1m[35m (0.9ms)[0m  [1m[34mSELECT "schema_migrations"."version" FROM "schema_migrations" ORDER BY "schema_migrations"."version" ASC[0m
  ↳ /Users/siobhanpmahoney/.rvm/gems/ruby-2.3.5/bin/rake:23
Migrating to CreateUsers (20180930195157)
  [1m[35m (0.3ms)[0m  [1m[35mBEGIN[0m
  ↳ /Users/siobhanpmahoney/.rvm/gems/ruby-2.3.5/bin/rake:23
  [1m[35m (30.9ms)[0m  [1m[35mCREATE TABLE "users" ("id" bigserial primary key, "username" character varying, "password_digest" character varying, "admin" boolean, "group_id" bigint, "created_at" timestamp NOT NULL, "updated_at" timestamp NOT NULL)[0m
  ↳ db/migrate/20180930195157_create_users.rb:3
  [1m[35m (2.0ms)[0m  [1m[35mCREATE  INDEX  "index_users_on_group_id" ON "users"  ("group_id")[0m
  ↳ db/migrate/20180930195157_create_users.rb:3
  [1m[36mActiveRecord::SchemaMigration Create (4.1ms)[0m  [1m[32mINSERT INTO "schema_migrations" ("version") VALUES ($1) RETURNING "version"[0m  [["version", "20180930195157"]]
  ↳ /Users/siobhanpmahoney/.rvm/gems/ruby-2.3.5/bin/rake:23
  [1m[35m (0.9ms)[0m  [1m[35mCOMMIT[0m
  ↳ /Users/siobhanpmahoney/.rvm/gems/ruby-2.3.5/bin/rake:23
Migrating to CreateGroups (20180930195214)
  [1m[35m (5.8ms)[0m  [1m[35mBEGIN[0m
  ↳ /Users/siobhanpmahoney/.rvm/gems/ruby-2.3.5/bin/rake:23
  [1m[35m (18.2ms)[0m  [1m[35mCREATE TABLE "groups" ("id" bigserial primary key, "title" character varying, "created_at" timestamp NOT NULL, "updated_at" timestamp NOT NULL)[0m
  ↳ db/migrate/20180930195214_create_groups.rb:3
  [1m[36mActiveRecord::SchemaMigration Create (0.8ms)[0m  [1m[32mINSERT INTO "schema_migrations" ("version") VALUES ($1) RETURNING "version"[0m  [["version", "20180930195214"]]
  ↳ /Users/siobhanpmahoney/.rvm/gems/ruby-2.3.5/bin/rake:23
  [1m[35m (0.5ms)[0m  [1m[35mCOMMIT[0m
  ↳ /Users/siobhanpmahoney/.rvm/gems/ruby-2.3.5/bin/rake:23
  [1m[36mActiveRecord::InternalMetadata Load (0.7ms)[0m  [1m[34mSELECT  "ar_internal_metadata".* FROM "ar_internal_metadata" WHERE "ar_internal_metadata"."key" = $1 LIMIT $2[0m  [["key", "environment"], ["LIMIT", 1]]
  ↳ /Users/siobhanpmahoney/.rvm/gems/ruby-2.3.5/bin/rake:23
  [1m[35m (2.2ms)[0m  [1m[35mBEGIN[0m
  ↳ /Users/siobhanpmahoney/.rvm/gems/ruby-2.3.5/bin/rake:23
  [1m[36mActiveRecord::InternalMetadata Create (7.6ms)[0m  [1m[32mINSERT INTO "ar_internal_metadata" ("key", "value", "created_at", "updated_at") VALUES ($1, $2, $3, $4) RETURNING "key"[0m  [["key", "environment"], ["value", "development"], ["created_at", "2018-09-30 20:09:56.301373"], ["updated_at", "2018-09-30 20:09:56.301373"]]
  ↳ /Users/siobhanpmahoney/.rvm/gems/ruby-2.3.5/bin/rake:23
  [1m[35m (4.7ms)[0m  [1m[35mCOMMIT[0m
  ↳ /Users/siobhanpmahoney/.rvm/gems/ruby-2.3.5/bin/rake:23
  [1m[35m (0.3ms)[0m  [1m[34mSELECT pg_advisory_unlock(452981143388881170)[0m
  ↳ /Users/siobhanpmahoney/.rvm/gems/ruby-2.3.5/bin/rake:23
  [1m[35m (0.8ms)[0m  [1m[34mSELECT "schema_migrations"."version" FROM "schema_migrations" ORDER BY "schema_migrations"."version" ASC[0m
  ↳ /Users/siobhanpmahoney/.rvm/gems/ruby-2.3.5/bin/rake:23
  [1m[35m (1.2ms)[0m  [1m[34mSELECT "schema_migrations"."version" FROM "schema_migrations" ORDER BY "schema_migrations"."version" ASC[0m
  ↳ /Users/siobhanpmahoney/.rvm/gems/ruby-2.3.5/bin/rake:23
  [1m[35m (0.2ms)[0m  [1m[35mBEGIN[0m
  ↳ db/seeds.rb:2
  [1m[36mGroup Create (1.2ms)[0m  [1m[32mINSERT INTO "groups" ("title", "created_at", "updated_at") VALUES ($1, $2, $3) RETURNING "id"[0m  [["title", "Public Policy team"], ["created_at", "2018-09-30 20:10:05.169250"], ["updated_at", "2018-09-30 20:10:05.169250"]]
  ↳ db/seeds.rb:2
  [1m[35m (0.4ms)[0m  [1m[35mCOMMIT[0m
  ↳ db/seeds.rb:2
  [1m[35m (0.2ms)[0m  [1m[35mBEGIN[0m
  ↳ db/seeds.rb:4
  [1m[36mGroup Load (6.1ms)[0m  [1m[34mSELECT  "groups".* FROM "groups" WHERE "groups"."id" = $1 LIMIT $2[0m  [["id", 1], ["LIMIT", 1]]
  ↳ db/seeds.rb:4
  [1m[36mUser Exists (7.1ms)[0m  [1m[34mSELECT  1 AS one FROM "users" WHERE LOWER("users"."username") = LOWER($1) LIMIT $2[0m  [["username", "ralph.stilton"], ["LIMIT", 1]]
  ↳ db/seeds.rb:4
  [1m[36mUser Create (1.2ms)[0m  [1m[32mINSERT INTO "users" ("username", "password_digest", "group_id", "created_at", "updated_at") VALUES ($1, $2, $3, $4, $5) RETURNING "id"[0m  [["username", "ralph.stilton"], ["password_digest", "$2a$10$FNmuCqcI64JF0cCBbs7Lc.rIdzFRGOKEBH/s1LGd0R/0pIrhSBMKC"], ["group_id", 1], ["created_at", "2018-09-30 20:10:05.312890"], ["updated_at", "2018-09-30 20:10:05.312890"]]
  ↳ db/seeds.rb:4
  [1m[35m (2.7ms)[0m  [1m[35mCOMMIT[0m
  ↳ db/seeds.rb:4
  [1m[35m (2.5ms)[0m  [1m[35mBEGIN[0m
  ↳ db/seeds.rb:4
  [1m[36mGroup Load (0.4ms)[0m  [1m[34mSELECT  "groups".* FROM "groups" WHERE "groups"."id" = $1 LIMIT $2[0m  [["id", 1], ["LIMIT", 1]]
  ↳ db/seeds.rb:4
  [1m[36mUser Exists (0.7ms)[0m  [1m[34mSELECT  1 AS one FROM "users" WHERE LOWER("users"."username") = LOWER($1) LIMIT $2[0m  [["username", "hollyhock"], ["LIMIT", 1]]
  ↳ db/seeds.rb:4
  [1m[36mUser Create (0.6ms)[0m  [1m[32mINSERT INTO "users" ("username", "password_digest", "group_id", "created_at", "updated_at") VALUES ($1, $2, $3, $4, $5) RETURNING "id"[0m  [["username", "hollyhock"], ["password_digest", "$2a$10$PR1PFBWSxCqySkmyIpuDuOyMlBxKlgQnge49wkXY7gxp/HxWtXqQy"], ["group_id", 1], ["created_at", "2018-09-30 20:10:05.392202"], ["updated_at", "2018-09-30 20:10:05.392202"]]
  ↳ db/seeds.rb:4
  [1m[35m (0.5ms)[0m  [1m[35mCOMMIT[0m
  ↳ db/seeds.rb:4
  [1m[35m (0.2ms)[0m  [1m[35mBEGIN[0m
  ↳ db/seeds.rb:4
  [1m[36mGroup Load (0.4ms)[0m  [1m[34mSELECT  "groups".* FROM "groups" WHERE "groups"."id" = $1 LIMIT $2[0m  [["id", 1], ["LIMIT", 1]]
  ↳ db/seeds.rb:4
  [1m[36mUser Exists (0.5ms)[0m  [1m[34mSELECT  1 AS one FROM "users" WHERE LOWER("users"."username") = LOWER($1) LIMIT $2[0m  [["username", "diane.nguyen"], ["LIMIT", 1]]
  ↳ db/seeds.rb:4
  [1m[36mUser Create (0.5ms)[0m  [1m[32mINSERT INTO "users" ("username", "password_digest", "group_id", "created_at", "updated_at") VALUES ($1, $2, $3, $4, $5) RETURNING "id"[0m  [["username", "diane.nguyen"], ["password_digest", "$2a$10$SbCtc3bkeABd2fRjD/.Ng.zBuHDxxt61Y6x5kiwz4j6JVG9/qed8y"], ["group_id", 1], ["created_at", "2018-09-30 20:10:05.465660"], ["updated_at", "2018-09-30 20:10:05.465660"]]
  ↳ db/seeds.rb:4
  [1m[35m (0.4ms)[0m  [1m[35mCOMMIT[0m
  ↳ db/seeds.rb:4
  [1m[35m (0.2ms)[0m  [1m[35mBEGIN[0m
  ↳ db/seeds.rb:4
  [1m[36mGroup Load (0.3ms)[0m  [1m[34mSELECT  "groups".* FROM "groups" WHERE "groups"."id" = $1 LIMIT $2[0m  [["id", 1], ["LIMIT", 1]]
  ↳ db/seeds.rb:4
  [1m[36mUser Exists (0.5ms)[0m  [1m[34mSELECT  1 AS one FROM "users" WHERE LOWER("users"."username") = LOWER($1) LIMIT $2[0m  [["username", "lenny.turteltaub"], ["LIMIT", 1]]
  ↳ db/seeds.rb:4
  [1m[36mUser Create (0.5ms)[0m  [1m[32mINSERT INTO "users" ("username", "password_digest", "group_id", "created_at", "updated_at") VALUES ($1, $2, $3, $4, $5) RETURNING "id"[0m  [["username", "lenny.turteltaub"], ["password_digest", "$2a$10$9hZcJdocIHYZ0JLeyI1nUOFJ96MznLXr/40ymgHyI.Gg09gUho5H2"], ["group_id", 1], ["created_at", "2018-09-30 20:10:05.538177"], ["updated_at", "2018-09-30 20:10:05.538177"]]
  ↳ db/seeds.rb:4
  [1m[35m (0.4ms)[0m  [1m[35mCOMMIT[0m
  ↳ db/seeds.rb:4
  [1m[35m (0.2ms)[0m  [1m[35mBEGIN[0m
  ↳ db/seeds.rb:4
  [1m[36mGroup Load (0.4ms)[0m  [1m[34mSELECT  "groups".* FROM "groups" WHERE "groups"."id" = $1 LIMIT $2[0m  [["id", 1], ["LIMIT", 1]]
  ↳ db/seeds.rb:4
  [1m[36mUser Exists (0.5ms)[0m  [1m[34mSELECT  1 AS one FROM "users" WHERE LOWER("users"."username") = LOWER($1) LIMIT $2[0m  [["username", "emily"], ["LIMIT", 1]]
  ↳ db/seeds.rb:4
  [1m[36mUser Create (0.4ms)[0m  [1m[32mINSERT INTO "users" ("username", "password_digest", "group_id", "created_at", "updated_at") VALUES ($1, $2, $3, $4, $5) RETURNING "id"[0m  [["username", "emily"], ["password_digest", "$2a$10$8tgeUxEpZVFCLPggoA/oK.02BJ49AmQOLpwPOcjtdXkhlVGSZD0Fy"], ["group_id", 1], ["created_at", "2018-09-30 20:10:05.610593"], ["updated_at", "2018-09-30 20:10:05.610593"]]
  ↳ db/seeds.rb:4
  [1m[35m (0.5ms)[0m  [1m[35mCOMMIT[0m
  ↳ db/seeds.rb:4
  [1m[35m (0.2ms)[0m  [1m[35mBEGIN[0m
  ↳ db/seeds.rb:4
  [1m[36mGroup Load (0.3ms)[0m  [1m[34mSELECT  "groups".* FROM "groups" WHERE "groups"."id" = $1 LIMIT $2[0m  [["id", 1], ["LIMIT", 1]]
  ↳ db/seeds.rb:4
  [1m[36mUser Exists (0.6ms)[0m  [1m[34mSELECT  1 AS one FROM "users" WHERE LOWER("users"."username") = LOWER($1) LIMIT $2[0m  [["username", "butterscotch.horseman"], ["LIMIT", 1]]
  ↳ db/seeds.rb:4
  [1m[36mUser Create (0.5ms)[0m  [1m[32mINSERT INTO "users" ("username", "password_digest", "group_id", "created_at", "updated_at") VALUES ($1, $2, $3, $4, $5) RETURNING "id"[0m  [["username", "butterscotch.horseman"], ["password_digest", "$2a$10$Jr1Axb5.eJbXmh3g95x5COHdRTvDY.cQmon2y4XyXh/EmPlpyz0hm"], ["group_id", 1], ["created_at", "2018-09-30 20:10:05.683188"], ["updated_at", "2018-09-30 20:10:05.683188"]]
  ↳ db/seeds.rb:4
  [1m[35m (0.3ms)[0m  [1m[35mCOMMIT[0m
  ↳ db/seeds.rb:4
  [1m[35m (0.2ms)[0m  [1m[35mBEGIN[0m
  ↳ db/seeds.rb:4
  [1m[36mGroup Load (0.3ms)[0m  [1m[34mSELECT  "groups".* FROM "groups" WHERE "groups"."id" = $1 LIMIT $2[0m  [["id", 1], ["LIMIT", 1]]
  ↳ db/seeds.rb:4
  [1m[36mUser Exists (0.4ms)[0m  [1m[34mSELECT  1 AS one FROM "users" WHERE LOWER("users"."username") = LOWER($1) LIMIT $2[0m  [["username", "tina"], ["LIMIT", 1]]
  ↳ db/seeds.rb:4
  [1m[36mUser Create (0.5ms)[0m  [1m[32mINSERT INTO "users" ("username", "password_digest", "group_id", "created_at", "updated_at") VALUES ($1, $2, $3, $4, $5) RETURNING "id"[0m  [["username", "tina"], ["password_digest", "$2a$10$b5nyzufwrrNx.19Mwp9e3uHhE3fBGNRhLD9SWF19eAjE75bTK6RXa"], ["group_id", 1], ["created_at", "2018-09-30 20:10:05.755340"], ["updated_at", "2018-09-30 20:10:05.755340"]]
  ↳ db/seeds.rb:4
  [1m[35m (0.4ms)[0m  [1m[35mCOMMIT[0m
  ↳ db/seeds.rb:4
  [1m[35m (0.2ms)[0m  [1m[35mBEGIN[0m
  ↳ db/seeds.rb:4
  [1m[36mGroup Load (0.3ms)[0m  [1m[34mSELECT  "groups".* FROM "groups" WHERE "groups"."id" = $1 LIMIT $2[0m  [["id", 1], ["LIMIT", 1]]
  ↳ db/seeds.rb:4
  [1m[36mUser Exists (0.4ms)[0m  [1m[34mSELECT  1 AS one FROM "users" WHERE LOWER("users"."username") = LOWER($1) LIMIT $2[0m  [["username", "officer.meow.meow.fuzzyface"], ["LIMIT", 1]]
  ↳ db/seeds.rb:4
  [1m[36mUser Create (0.5ms)[0m  [1m[32mINSERT INTO "users" ("username", "password_digest", "group_id", "created_at", "updated_at") VALUES ($1, $2, $3, $4, $5) RETURNING "id"[0m  [["username", "officer.meow.meow.fuzzyface"], ["password_digest", "$2a$10$7EhhONGJ/mmjC5Ib5jzReOOq49G5XjqHh.rfylj4SiJYXP.DLLvoK"], ["group_id", 1], ["created_at", "2018-09-30 20:10:05.825349"], ["updated_at", "2018-09-30 20:10:05.825349"]]
  ↳ db/seeds.rb:4
  [1m[35m (0.8ms)[0m  [1m[35mCOMMIT[0m
  ↳ db/seeds.rb:4
  [1m[35m (0.4ms)[0m  [1m[35mBEGIN[0m
  ↳ db/seeds.rb:4
  [1m[36mGroup Load (0.3ms)[0m  [1m[34mSELECT  "groups".* FROM "groups" WHERE "groups"."id" = $1 LIMIT $2[0m  [["id", 1], ["LIMIT", 1]]
  ↳ db/seeds.rb:4
  [1m[36mUser Exists (0.5ms)[0m  [1m[34mSELECT  1 AS one FROM "users" WHERE LOWER("users"."username") = LOWER($1) LIMIT $2[0m  [["username", "judah"], ["LIMIT", 1]]
  ↳ db/seeds.rb:4
  [1m[36mUser Create (0.6ms)[0m  [1m[32mINSERT INTO "users" ("username", "password_digest", "group_id", "created_at", "updated_at") VALUES ($1, $2, $3, $4, $5) RETURNING "id"[0m  [["username", "judah"], ["password_digest", "$2a$10$SnXO9ZJqgdRKrYoxrvVGleDcMkeN66GLSdB9ergIoSx86tsA2RgeG"], ["group_id", 1], ["created_at", "2018-09-30 20:10:05.900205"], ["updated_at", "2018-09-30 20:10:05.900205"]]
  ↳ db/seeds.rb:4
  [1m[35m (5.8ms)[0m  [1m[35mCOMMIT[0m
  ↳ db/seeds.rb:4
  [1m[35m (0.2ms)[0m  [1m[35mBEGIN[0m
  ↳ db/seeds.rb:4
  [1m[36mGroup Load (0.2ms)[0m  [1m[34mSELECT  "groups".* FROM "groups" WHERE "groups"."id" = $1 LIMIT $2[0m  [["id", 1], ["LIMIT", 1]]
  ↳ db/seeds.rb:4
  [1m[36mUser Exists (0.5ms)[0m  [1m[34mSELECT  1 AS one FROM "users" WHERE LOWER("users"."username") = LOWER($1) LIMIT $2[0m  [["username", "wayne"], ["LIMIT", 1]]
  ↳ db/seeds.rb:4
  [1m[36mUser Create (0.4ms)[0m  [1m[32mINSERT INTO "users" ("username", "password_digest", "group_id", "created_at", "updated_at") VALUES ($1, $2, $3, $4, $5) RETURNING "id"[0m  [["username", "wayne"], ["password_digest", "$2a$10$XC8CZK0cHSISn8zC8mEhzOZG.ip6ij6pi2Uf/RgK8uJI18MZ74bWi"], ["group_id", 1], ["created_at", "2018-09-30 20:10:05.975590"], ["updated_at", "2018-09-30 20:10:05.975590"]]
  ↳ db/seeds.rb:4
  [1m[35m (0.5ms)[0m  [1m[35mCOMMIT[0m
  ↳ db/seeds.rb:4
  [1m[35m (0.7ms)[0m  [1m[35mBEGIN[0m
  ↳ db/seeds.rb:4
  [1m[36mGroup Load (0.4ms)[0m  [1m[34mSELECT  "groups".* FROM "groups" WHERE "groups"."id" = $1 LIMIT $2[0m  [["id", 1], ["LIMIT", 1]]
  ↳ db/seeds.rb:4
  [1m[36mUser Exists (0.6ms)[0m  [1m[34mSELECT  1 AS one FROM "users" WHERE LOWER("users"."username") = LOWER($1) LIMIT $2[0m  [["username", "corduroy.jackson-jackson"], ["LIMIT", 1]]
  ↳ db/seeds.rb:4
  [1m[36mUser Create (0.5ms)[0m  [1m[32mINSERT INTO "users" ("username", "password_digest", "group_id", "created_at", "updated_at") VALUES ($1, $2, $3, $4, $5) RETURNING "id"[0m  [["username", "corduroy.jackson-jackson"], ["password_digest", "$2a$10$nho8AD7R4NWNCYJv67CAXuHZ56S8Tbu8kYU6EtMgE1lpmO5jEDpHO"], ["group_id", 1], ["created_at", "2018-09-30 20:10:06.047304"], ["updated_at", "2018-09-30 20:10:06.047304"]]
  ↳ db/seeds.rb:4
  [1m[35m (0.4ms)[0m  [1m[35mCOMMIT[0m
  ↳ db/seeds.rb:4
  [1m[35m (0.1ms)[0m  [1m[35mBEGIN[0m
  ↳ db/seeds.rb:4
  [1m[36mGroup Load (0.2ms)[0m  [1m[34mSELECT  "groups".* FROM "groups" WHERE "groups"."id" = $1 LIMIT $2[0m  [["id", 1], ["LIMIT", 1]]
  ↳ db/seeds.rb:4
  [1m[36mUser Exists (0.6ms)[0m  [1m[34mSELECT  1 AS one FROM "users" WHERE LOWER("users"."username") = LOWER($1) LIMIT $2[0m  [["username", "tina"], ["LIMIT", 1]]
  ↳ db/seeds.rb:4
  [1m[35m (0.3ms)[0m  [1m[31mROLLBACK[0m
  ↳ db/seeds.rb:4
  [1m[35m (0.1ms)[0m  [1m[35mBEGIN[0m
  ↳ db/seeds.rb:2
  [1m[36mGroup Create (0.4ms)[0m  [1m[32mINSERT INTO "groups" ("title", "created_at", "updated_at") VALUES ($1, $2, $3) RETURNING "id"[0m  [["title", "Facilities Services team"], ["created_at", "2018-09-30 20:10:06.122275"], ["updated_at", "2018-09-30 20:10:06.122275"]]
  ↳ db/seeds.rb:2
  [1m[35m (0.4ms)[0m  [1m[35mCOMMIT[0m
  ↳ db/seeds.rb:2
  [1m[35m (0.2ms)[0m  [1m[35mBEGIN[0m
  ↳ db/seeds.rb:4
  [1m[36mGroup Load (0.3ms)[0m  [1m[34mSELECT  "groups".* FROM "groups" WHERE "groups"."id" = $1 LIMIT $2[0m  [["id", 2], ["LIMIT", 1]]
  ↳ db/seeds.rb:4
  [1m[36mUser Exists (0.5ms)[0m  [1m[34mSELECT  1 AS one FROM "users" WHERE LOWER("users"."username") = LOWER($1) LIMIT $2[0m  [["username", "roxy"], ["LIMIT", 1]]
  ↳ db/seeds.rb:4
  [1m[36mUser Create (1.1ms)[0m  [1m[32mINSERT INTO "users" ("username", "password_digest", "group_id", "created_at", "updated_at") VALUES ($1, $2, $3, $4, $5) RETURNING "id"[0m  [["username", "roxy"], ["password_digest", "$2a$10$Ythpo1aWaJ2ALvbw40wo4.6E6vFLUFfyvxIH/vQUKNaC.nEcOcFLS"], ["group_id", 2], ["created_at", "2018-09-30 20:10:06.191610"], ["updated_at", "2018-09-30 20:10:06.191610"]]
  ↳ db/seeds.rb:4
  [1m[35m (0.5ms)[0m  [1m[35mCOMMIT[0m
  ↳ db/seeds.rb:4
  [1m[35m (0.2ms)[0m  [1m[35mBEGIN[0m
  ↳ db/seeds.rb:4
  [1m[36mGroup Load (0.2ms)[0m  [1m[34mSELECT  "groups".* FROM "groups" WHERE "groups"."id" = $1 LIMIT $2[0m  [["id", 2], ["LIMIT", 1]]
  ↳ db/seeds.rb:4
  [1m[36mUser Exists (0.6ms)[0m  [1m[34mSELECT  1 AS one FROM "users" WHERE LOWER("users"."username") = LOWER($1) LIMIT $2[0m  [["username", "emily"], ["LIMIT", 1]]
  ↳ db/seeds.rb:4
  [1m[35m (0.3ms)[0m  [1m[31mROLLBACK[0m
  ↳ db/seeds.rb:4
  [1m[35m (0.2ms)[0m  [1m[35mBEGIN[0m
  ↳ db/seeds.rb:4
  [1m[36mGroup Load (0.4ms)[0m  [1m[34mSELECT  "groups".* FROM "groups" WHERE "groups"."id" = $1 LIMIT $2[0m  [["id", 2], ["LIMIT", 1]]
  ↳ db/seeds.rb:4
  [1m[36mUser Exists (0.5ms)[0m  [1m[34mSELECT  1 AS one FROM "users" WHERE LOWER("users"."username") = LOWER($1) LIMIT $2[0m  [["username", "officer.meow.meow.fuzzyface"], ["LIMIT", 1]]
  ↳ db/seeds.rb:4
  [1m[35m (0.2ms)[0m  [1m[31mROLLBACK[0m
  ↳ db/seeds.rb:4
  [1m[35m (0.2ms)[0m  [1m[35mBEGIN[0m
  ↳ db/seeds.rb:4
  [1m[36mGroup Load (0.4ms)[0m  [1m[34mSELECT  "groups".* FROM "groups" WHERE "groups"."id" = $1 LIMIT $2[0m  [["id", 2], ["LIMIT", 1]]
  ↳ db/seeds.rb:4
  [1m[36mUser Exists (0.4ms)[0m  [1m[34mSELECT  1 AS one FROM "users" WHERE LOWER("users"."username") = LOWER($1) LIMIT $2[0m  [["username", "vincent.adultman"], ["LIMIT", 1]]
  ↳ db/seeds.rb:4
  [1m[36mUser Create (0.6ms)[0m  [1m[32mINSERT INTO "users" ("username", "password_digest", "group_id", "created_at", "updated_at") VALUES ($1, $2, $3, $4, $5) RETURNING "id"[0m  [["username", "vincent.adultman"], ["password_digest", "$2a$10$n6.23UcjRchxJ.dC1WPyH.arrCnRZEnKGbJTvfoMpX70lq4mASuIy"], ["group_id", 2], ["created_at", "2018-09-30 20:10:06.405560"], ["updated_at", "2018-09-30 20:10:06.405560"]]
  ↳ db/seeds.rb:4
  [1m[35m (0.4ms)[0m  [1m[35mCOMMIT[0m
  ↳ db/seeds.rb:4
  [1m[35m (0.3ms)[0m  [1m[35mBEGIN[0m
  ↳ db/seeds.rb:4
  [1m[36mGroup Load (0.4ms)[0m  [1m[34mSELECT  "groups".* FROM "groups" WHERE "groups"."id" = $1 LIMIT $2[0m  [["id", 2], ["LIMIT", 1]]
  ↳ db/seeds.rb:4
  [1m[36mUser Exists (0.5ms)[0m  [1m[34mSELECT  1 AS one FROM "users" WHERE LOWER("users"."username") = LOWER($1) LIMIT $2[0m  [["username", "bojack.horseman"], ["LIMIT", 1]]
  ↳ db/seeds.rb:4
  [1m[36mUser Create (0.4ms)[0m  [1m[32mINSERT INTO "users" ("username", "password_digest", "group_id", "created_at", "updated_at") VALUES ($1, $2, $3, $4, $5) RETURNING "id"[0m  [["username", "bojack.horseman"], ["password_digest", "$2a$10$SkR2aWYKsddLAAesk3V9yukAOYEEO0L0Q9.H7AY91U70gy7gVJA4S"], ["group_id", 2], ["created_at", "2018-09-30 20:10:06.479768"], ["updated_at", "2018-09-30 20:10:06.479768"]]
  ↳ db/seeds.rb:4
  [1m[35m (0.4ms)[0m  [1m[35mCOMMIT[0m
  ↳ db/seeds.rb:4
  [1m[35m (0.2ms)[0m  [1m[35mBEGIN[0m
  ↳ db/seeds.rb:4
  [1m[36mGroup Load (0.3ms)[0m  [1m[34mSELECT  "groups".* FROM "groups" WHERE "groups"."id" = $1 LIMIT $2[0m  [["id", 2], ["LIMIT", 1]]
  ↳ db/seeds.rb:4
  [1m[36mUser Exists (0.7ms)[0m  [1m[34mSELECT  1 AS one FROM "users" WHERE LOWER("users"."username") = LOWER($1) LIMIT $2[0m  [["username", "katrina.peanutbutter"], ["LIMIT", 1]]
  ↳ db/seeds.rb:4
  [1m[36mUser Create (0.6ms)[0m  [1m[32mINSERT INTO "users" ("username", "password_digest", "group_id", "created_at", "updated_at") VALUES ($1, $2, $3, $4, $5) RETURNING "id"[0m  [["username", "katrina.peanutbutter"], ["password_digest", "$2a$10$iqIb.NiD6Cbiorm1iPr2D.DyA6VWeZ4CZMWBJ2hC788JLvGKT6fIW"], ["group_id", 2], ["created_at", "2018-09-30 20:10:06.552108"], ["updated_at", "2018-09-30 20:10:06.552108"]]
  ↳ db/seeds.rb:4
  [1m[35m (0.5ms)[0m  [1m[35mCOMMIT[0m
  ↳ db/seeds.rb:4
  [1m[35m (0.2ms)[0m  [1m[35mBEGIN[0m
  ↳ db/seeds.rb:4
  [1m[36mGroup Load (0.2ms)[0m  [1m[34mSELECT  "groups".* FROM "groups" WHERE "groups"."id" = $1 LIMIT $2[0m  [["id", 2], ["LIMIT", 1]]
  ↳ db/seeds.rb:4
  [1m[36mUser Exists (0.5ms)[0m  [1m[34mSELECT  1 AS one FROM "users" WHERE LOWER("users"."username") = LOWER($1) LIMIT $2[0m  [["username", "bojack.horseman"], ["LIMIT", 1]]
  ↳ db/seeds.rb:4
  [1m[35m (0.2ms)[0m  [1m[31mROLLBACK[0m
  ↳ db/seeds.rb:4
  [1m[35m (0.2ms)[0m  [1m[35mBEGIN[0m
  ↳ db/seeds.rb:4
  [1m[36mGroup Load (0.6ms)[0m  [1m[34mSELECT  "groups".* FROM "groups" WHERE "groups"."id" = $1 LIMIT $2[0m  [["id", 2], ["LIMIT", 1]]
  ↳ db/seeds.rb:4
  [1m[36mUser Exists (0.6ms)[0m  [1m[34mSELECT  1 AS one FROM "users" WHERE LOWER("users"."username") = LOWER($1) LIMIT $2[0m  [["username", "ralph.stilton"], ["LIMIT", 1]]
  ↳ db/seeds.rb:4
  [1m[35m (0.2ms)[0m  [1m[31mROLLBACK[0m
  ↳ db/seeds.rb:4
  [1m[35m (0.2ms)[0m  [1m[35mBEGIN[0m
  ↳ db/seeds.rb:4
  [1m[36mGroup Load (0.6ms)[0m  [1m[34mSELECT  "groups".* FROM "groups" WHERE "groups"."id" = $1 LIMIT $2[0m  [["id", 2], ["LIMIT", 1]]
  ↳ db/seeds.rb:4
  [1m[36mUser Exists (0.5ms)[0m  [1m[34mSELECT  1 AS one FROM "users" WHERE LOWER("users"."username") = LOWER($1) LIMIT $2[0m  [["username", "sarah.lynn"], ["LIMIT", 1]]
  ↳ db/seeds.rb:4
  [1m[36mUser Create (0.5ms)[0m  [1m[32mINSERT INTO "users" ("username", "password_digest", "group_id", "created_at", "updated_at") VALUES ($1, $2, $3, $4, $5) RETURNING "id"[0m  [["username", "sarah.lynn"], ["password_digest", "$2a$10$1buYj9lXLAyYRIxL4rSd/eFpzkfKcFEBvHtFUSE6qsPlL92zH4ATC"], ["group_id", 2], ["created_at", "2018-09-30 20:10:06.765816"], ["updated_at", "2018-09-30 20:10:06.765816"]]
  ↳ db/seeds.rb:4
  [1m[35m (0.4ms)[0m  [1m[35mCOMMIT[0m
  ↳ db/seeds.rb:4
  [1m[35m (0.3ms)[0m  [1m[35mBEGIN[0m
  ↳ db/seeds.rb:4
  [1m[36mGroup Load (0.3ms)[0m  [1m[34mSELECT  "groups".* FROM "groups" WHERE "groups"."id" = $1 LIMIT $2[0m  [["id", 2], ["LIMIT", 1]]
  ↳ db/seeds.rb:4
  [1m[36mUser Exists (0.4ms)[0m  [1m[34mSELECT  1 AS one FROM "users" WHERE LOWER("users"."username") = LOWER($1) LIMIT $2[0m  [["username", "beatrice.horseman"], ["LIMIT", 1]]
  ↳ db/seeds.rb:4
  [1m[36mUser Create (0.5ms)[0m  [1m[32mINSERT INTO "users" ("username", "password_digest", "group_id", "created_at", "updated_at") VALUES ($1, $2, $3, $4, $5) RETURNING "id"[0m  [["username", "beatrice.horseman"], ["password_digest", "$2a$10$uVkEqAQlRr32t4MnjJOhuuWTO6zKMWHta3lerRYQtVxKZ5g8qYYuO"], ["group_id", 2], ["created_at", "2018-09-30 20:10:06.835829"], ["updated_at", "2018-09-30 20:10:06.835829"]]
  ↳ db/seeds.rb:4
  [1m[35m (0.4ms)[0m  [1m[35mCOMMIT[0m
  ↳ db/seeds.rb:4
  [1m[35m (0.2ms)[0m  [1m[35mBEGIN[0m
  ↳ db/seeds.rb:4
  [1m[36mGroup Load (0.2ms)[0m  [1m[34mSELECT  "groups".* FROM "groups" WHERE "groups"."id" = $1 LIMIT $2[0m  [["id", 2], ["LIMIT", 1]]
  ↳ db/seeds.rb:4
  [1m[36mUser Exists (0.5ms)[0m  [1m[34mSELECT  1 AS one FROM "users" WHERE LOWER("users"."username") = LOWER($1) LIMIT $2[0m  [["username", "honey.sugarman"], ["LIMIT", 1]]
  ↳ db/seeds.rb:4
  [1m[36mUser Create (0.5ms)[0m  [1m[32mINSERT INTO "users" ("username", "password_digest", "group_id", "created_at", "updated_at") VALUES ($1, $2, $3, $4, $5) RETURNING "id"[0m  [["username", "honey.sugarman"], ["password_digest", "$2a$10$o6/BKXe6T/iDwGCpfr/rmOY6wmz0ttAeSNGVu2Fso7VoYWI7E6uHi"], ["group_id", 2], ["created_at", "2018-09-30 20:10:06.907362"], ["updated_at", "2018-09-30 20:10:06.907362"]]
  ↳ db/seeds.rb:4
  [1m[35m (0.3ms)[0m  [1m[35mCOMMIT[0m
  ↳ db/seeds.rb:4
  [1m[35m (0.2ms)[0m  [1m[35mBEGIN[0m
  ↳ db/seeds.rb:4
  [1m[36mGroup Load (0.2ms)[0m  [1m[34mSELECT  "groups".* FROM "groups" WHERE "groups"."id" = $1 LIMIT $2[0m  [["id", 2], ["LIMIT", 1]]
  ↳ db/seeds.rb:4
  [1m[36mUser Exists (0.4ms)[0m  [1m[34mSELECT  1 AS one FROM "users" WHERE LOWER("users"."username") = LOWER($1) LIMIT $2[0m  [["username", "woodchuck.coodchuck-berkowitz"], ["LIMIT", 1]]
  ↳ db/seeds.rb:4
  [1m[36mUser Create (0.4ms)[0m  [1m[32mINSERT INTO "users" ("username", "password_digest", "group_id", "created_at", "updated_at") VALUES ($1, $2, $3, $4, $5) RETURNING "id"[0m  [["username", "woodchuck.coodchuck-berkowitz"], ["password_digest", "$2a$10$UhdBcCbXWyt6u8/ZutT/xORAlACIm.jV.br3x9xbstMl4uHzIXUBa"], ["group_id", 2], ["created_at", "2018-09-30 20:10:06.977042"], ["updated_at", "2018-09-30 20:10:06.977042"]]
  ↳ db/seeds.rb:4
  [1m[35m (0.4ms)[0m  [1m[35mCOMMIT[0m
  ↳ db/seeds.rb:4
  [1m[35m (0.1ms)[0m  [1m[35mBEGIN[0m
  ↳ db/seeds.rb:2
  [1m[36mGroup Create (0.4ms)[0m  [1m[32mINSERT INTO "groups" ("title", "created_at", "updated_at") VALUES ($1, $2, $3) RETURNING "id"[0m  [["title", "Graphic Design team"], ["created_at", "2018-09-30 20:10:06.979864"], ["updated_at", "2018-09-30 20:10:06.979864"]]
  ↳ db/seeds.rb:2
  [1m[35m (0.4ms)[0m  [1m[35mCOMMIT[0m
  ↳ db/seeds.rb:2
  [1m[35m (0.2ms)[0m  [1m[35mBEGIN[0m
  ↳ db/seeds.rb:4
  [1m[36mGroup Load (0.3ms)[0m  [1m[34mSELECT  "groups".* FROM "groups" WHERE "groups"."id" = $1 LIMIT $2[0m  [["id", 3], ["LIMIT", 1]]
  ↳ db/seeds.rb:4
  [1m[36mUser Exists (0.5ms)[0m  [1m[34mSELECT  1 AS one FROM "users" WHERE LOWER("users"."username") = LOWER($1) LIMIT $2[0m  [["username", "woodchuck.coodchuck-berkowitz"], ["LIMIT", 1]]
  ↳ db/seeds.rb:4
  [1m[35m (0.2ms)[0m  [1m[31mROLLBACK[0m
  ↳ db/seeds.rb:4
  [1m[35m (0.2ms)[0m  [1m[35mBEGIN[0m
  ↳ db/seeds.rb:4
  [1m[36mGroup Load (0.5ms)[0m  [1m[34mSELECT  "groups".* FROM "groups" WHERE "groups"."id" = $1 LIMIT $2[0m  [["id", 3], ["LIMIT", 1]]
  ↳ db/seeds.rb:4
  [1m[36mUser Exists (0.6ms)[0m  [1m[34mSELECT  1 AS one FROM "users" WHERE LOWER("users"."username") = LOWER($1) LIMIT $2[0m  [["username", "honey.sugarman"], ["LIMIT", 1]]
  ↳ db/seeds.rb:4
  [1m[35m (0.2ms)[0m  [1m[31mROLLBACK[0m
  ↳ db/seeds.rb:4
  [1m[35m (0.1ms)[0m  [1m[35mBEGIN[0m
  ↳ db/seeds.rb:4
  [1m[36mGroup Load (0.4ms)[0m  [1m[34mSELECT  "groups".* FROM "groups" WHERE "groups"."id" = $1 LIMIT $2[0m  [["id", 3], ["LIMIT", 1]]
  ↳ db/seeds.rb:4
  [1m[36mUser Exists (0.6ms)[0m  [1m[34mSELECT  1 AS one FROM "users" WHERE LOWER("users"."username") = LOWER($1) LIMIT $2[0m  [["username", "tina"], ["LIMIT", 1]]
  ↳ db/seeds.rb:4
  [1m[35m (0.3ms)[0m  [1m[31mROLLBACK[0m
  ↳ db/seeds.rb:4
  [1m[35m (0.3ms)[0m  [1m[35mBEGIN[0m
  ↳ db/seeds.rb:4
  [1m[36mGroup Load (0.5ms)[0m  [1m[34mSELECT  "groups".* FROM "groups" WHERE "groups"."id" = $1 LIMIT $2[0m  [["id", 3], ["LIMIT", 1]]
  ↳ db/seeds.rb:4
  [1m[36mUser Exists (0.5ms)[0m  [1m[34mSELECT  1 AS one FROM "users" WHERE LOWER("users"."username") = LOWER($1) LIMIT $2[0m  [["username", "diane.nguyen"], ["LIMIT", 1]]
  ↳ db/seeds.rb:4
  [1m[35m (0.2ms)[0m  [1m[31mROLLBACK[0m
  ↳ db/seeds.rb:4
  [1m[35m (0.3ms)[0m  [1m[35mBEGIN[0m
  ↳ db/seeds.rb:4
  [1m[36mGroup Load (0.5ms)[0m  [1m[34mSELECT  "groups".* FROM "groups" WHERE "groups"."id" = $1 LIMIT $2[0m  [["id", 3], ["LIMIT", 1]]
  ↳ db/seeds.rb:4
  [1m[36mUser Exists (0.7ms)[0m  [1m[34mSELECT  1 AS one FROM "users" WHERE LOWER("users"."username") = LOWER($1) LIMIT $2[0m  [["username", "ralph.stilton"], ["LIMIT", 1]]
  ↳ db/seeds.rb:4
  [1m[35m (0.2ms)[0m  [1m[31mROLLBACK[0m
  ↳ db/seeds.rb:4
  [1m[35m (0.7ms)[0m  [1m[35mBEGIN[0m
  ↳ db/seeds.rb:4
  [1m[36mGroup Load (0.4ms)[0m  [1m[34mSELECT  "groups".* FROM "groups" WHERE "groups"."id" = $1 LIMIT $2[0m  [["id", 3], ["LIMIT", 1]]
  ↳ db/seeds.rb:4
  [1m[36mUser Exists (0.6ms)[0m  [1m[34mSELECT  1 AS one FROM "users" WHERE LOWER("users"."username") = LOWER($1) LIMIT $2[0m  [["username", "rutabaga.rabbitowitz"], ["LIMIT", 1]]
  ↳ db/seeds.rb:4
  [1m[36mUser Create (0.4ms)[0m  [1m[32mINSERT INTO "users" ("username", "password_digest", "group_id", "created_at", "updated_at") VALUES ($1, $2, $3, $4, $5) RETURNING "id"[0m  [["username", "rutabaga.rabbitowitz"], ["password_digest", "$2a$10$Ga35M2TIyX3HSMCxZuE.4OVOxLs9nom4Kez18vX0qXTJDLJJg63Ia"], ["group_id", 3], ["created_at", "2018-09-30 20:10:07.407867"], ["updated_at", "2018-09-30 20:10:07.407867"]]
  ↳ db/seeds.rb:4
  [1m[35m (0.4ms)[0m  [1m[35mCOMMIT[0m
  ↳ db/seeds.rb:4
  [1m[35m (0.2ms)[0m  [1m[35mBEGIN[0m
  ↳ db/seeds.rb:4
  [1m[36mGroup Load (0.2ms)[0m  [1m[34mSELECT  "groups".* FROM "groups" WHERE "groups"."id" = $1 LIMIT $2[0m  [["id", 3], ["LIMIT", 1]]
  ↳ db/seeds.rb:4
  [1m[36mUser Exists (0.5ms)[0m  [1m[34mSELECT  1 AS one FROM "users" WHERE LOWER("users"."username") = LOWER($1) LIMIT $2[0m  [["username", "roxy"], ["LIMIT", 1]]
  ↳ db/seeds.rb:4
  [1m[35m (0.2ms)[0m  [1m[31mROLLBACK[0m
  ↳ db/seeds.rb:4
  [1m[35m (0.2ms)[0m  [1m[35mBEGIN[0m
  ↳ db/seeds.rb:4
  [1m[36mGroup Load (0.5ms)[0m  [1m[34mSELECT  "groups".* FROM "groups" WHERE "groups"."id" = $1 LIMIT $2[0m  [["id", 3], ["LIMIT", 1]]
  ↳ db/seeds.rb:4
  [1m[36mUser Exists (0.5ms)[0m  [1m[34mSELECT  1 AS one FROM "users" WHERE LOWER("users"."username") = LOWER($1) LIMIT $2[0m  [["username", "sextina.aquafina"], ["LIMIT", 1]]
  ↳ db/seeds.rb:4
  [1m[36mUser Create (0.6ms)[0m  [1m[32mINSERT INTO "users" ("username", "password_digest", "group_id", "created_at", "updated_at") VALUES ($1, $2, $3, $4, $5) RETURNING "id"[0m  [["username", "sextina.aquafina"], ["password_digest", "$2a$10$k71L4.wmgR8ba/CNhmda4uyJnciVgGKsUg9cb0sgLgjY.61G7os7q"], ["group_id", 3], ["created_at", "2018-09-30 20:10:07.551526"], ["updated_at", "2018-09-30 20:10:07.551526"]]
  ↳ db/seeds.rb:4
  [1m[35m (0.4ms)[0m  [1m[35mCOMMIT[0m
  ↳ db/seeds.rb:4
  [1m[35m (0.2ms)[0m  [1m[35mBEGIN[0m
  ↳ db/seeds.rb:4
  [1m[36mGroup Load (0.2ms)[0m  [1m[34mSELECT  "groups".* FROM "groups" WHERE "groups"."id" = $1 LIMIT $2[0m  [["id", 3], ["LIMIT", 1]]
  ↳ db/seeds.rb:4
  [1m[36mUser Exists (0.5ms)[0m  [1m[34mSELECT  1 AS one FROM "users" WHERE LOWER("users"."username") = LOWER($1) LIMIT $2[0m  [["username", "bojack.horseman"], ["LIMIT", 1]]
  ↳ db/seeds.rb:4
  [1m[35m (0.2ms)[0m  [1m[31mROLLBACK[0m
  ↳ db/seeds.rb:4
  [1m[35m (0.2ms)[0m  [1m[35mBEGIN[0m
  ↳ db/seeds.rb:4
  [1m[36mGroup Load (0.6ms)[0m  [1m[34mSELECT  "groups".* FROM "groups" WHERE "groups"."id" = $1 LIMIT $2[0m  [["id", 3], ["LIMIT", 1]]
  ↳ db/seeds.rb:4
  [1m[36mUser Exists (0.5ms)[0m  [1m[34mSELECT  1 AS one FROM "users" WHERE LOWER("users"."username") = LOWER($1) LIMIT $2[0m  [["username", "tina"], ["LIMIT", 1]]
  ↳ db/seeds.rb:4
  [1m[35m (0.3ms)[0m  [1m[31mROLLBACK[0m
  ↳ db/seeds.rb:4
  [1m[35m (0.2ms)[0m  [1m[35mBEGIN[0m
  ↳ db/seeds.rb:4
  [1m[36mGroup Load (0.4ms)[0m  [1m[34mSELECT  "groups".* FROM "groups" WHERE "groups"."id" = $1 LIMIT $2[0m  [["id", 3], ["LIMIT", 1]]
  ↳ db/seeds.rb:4
  [1m[36mUser Exists (0.5ms)[0m  [1m[34mSELECT  1 AS one FROM "users" WHERE LOWER("users"."username") = LOWER($1) LIMIT $2[0m  [["username", "rutabaga.rabbitowitz"], ["LIMIT", 1]]
  ↳ db/seeds.rb:4
  [1m[35m (0.3ms)[0m  [1m[31mROLLBACK[0m
  ↳ db/seeds.rb:4
  [1m[35m (0.2ms)[0m  [1m[35mBEGIN[0m
  ↳ db/seeds.rb:4
  [1m[36mGroup Load (0.5ms)[0m  [1m[34mSELECT  "groups".* FROM "groups" WHERE "groups"."id" = $1 LIMIT $2[0m  [["id", 3], ["LIMIT", 1]]
  ↳ db/seeds.rb:4
  [1m[36mUser Exists (0.5ms)[0m  [1m[34mSELECT  1 AS one FROM "users" WHERE LOWER("users"."username") = LOWER($1) LIMIT $2[0m  [["username", "pinky.penguin"], ["LIMIT", 1]]
  ↳ db/seeds.rb:4
  [1m[36mUser Create (0.4ms)[0m  [1m[32mINSERT INTO "users" ("username", "password_digest", "group_id", "created_at", "updated_at") VALUES ($1, $2, $3, $4, $5) RETURNING "id"[0m  [["username", "pinky.penguin"], ["password_digest", "$2a$10$kALIOAXLOa0tNF9SY.uG.e6lxoTI6Y/srtfhaUdQ5dvW94UNcShBG"], ["group_id", 3], ["created_at", "2018-09-30 20:10:07.838739"], ["updated_at", "2018-09-30 20:10:07.838739"]]
  ↳ db/seeds.rb:4
  [1m[35m (0.4ms)[0m  [1m[35mCOMMIT[0m
  ↳ db/seeds.rb:4
  [1m[35m (0.3ms)[0m  [1m[35mBEGIN[0m
  ↳ db/seeds.rb:2
  [1m[36mGroup Create (0.5ms)[0m  [1m[32mINSERT INTO "groups" ("title", "created_at", "updated_at") VALUES ($1, $2, $3) RETURNING "id"[0m  [["title", "Outsourcing / Offshoring team"], ["created_at", "2018-09-30 20:10:07.842030"], ["updated_at", "2018-09-30 20:10:07.842030"]]
  ↳ db/seeds.rb:2
  [1m[35m (0.4ms)[0m  [1m[35mCOMMIT[0m
  ↳ db/seeds.rb:2
  [1m[35m (0.2ms)[0m  [1m[35mBEGIN[0m
  ↳ db/seeds.rb:4
  [1m[36mGroup Load (0.2ms)[0m  [1m[34mSELECT  "groups".* FROM "groups" WHERE "groups"."id" = $1 LIMIT $2[0m  [["id", 4], ["LIMIT", 1]]
  ↳ db/seeds.rb:4
  [1m[36mUser Exists (0.5ms)[0m  [1m[34mSELECT  1 AS one FROM "users" WHERE LOWER("users"."username") = LOWER($1) LIMIT $2[0m  [["username", "joseph.sugarman"], ["LIMIT", 1]]
  ↳ db/seeds.rb:4
  [1m[36mUser Create (0.6ms)[0m  [1m[32mINSERT INTO "users" ("username", "password_digest", "group_id", "created_at", "updated_at") VALUES ($1, $2, $3, $4, $5) RETURNING "id"[0m  [["username", "joseph.sugarman"], ["password_digest", "$2a$10$S2Sy5SbHDSQ83TqGufM9GOnpn.cC32.PppmCACprX9UOlGAXK6uSO"], ["group_id", 4], ["created_at", "2018-09-30 20:10:07.914229"], ["updated_at", "2018-09-30 20:10:07.914229"]]
  ↳ db/seeds.rb:4
  [1m[35m (0.8ms)[0m  [1m[35mCOMMIT[0m
  ↳ db/seeds.rb:4
  [1m[35m (0.2ms)[0m  [1m[35mBEGIN[0m
  ↳ db/seeds.rb:4
  [1m[36mGroup Load (0.2ms)[0m  [1m[34mSELECT  "groups".* FROM "groups" WHERE "groups"."id" = $1 LIMIT $2[0m  [["id", 4], ["LIMIT", 1]]
  ↳ db/seeds.rb:4
  [1m[36mUser Exists (0.5ms)[0m  [1m[34mSELECT  1 AS one FROM "users" WHERE LOWER("users"."username") = LOWER($1) LIMIT $2[0m  [["username", "sebastian.st.clair"], ["LIMIT", 1]]
  ↳ db/seeds.rb:4
  [1m[36mUser Create (0.5ms)[0m  [1m[32mINSERT INTO "users" ("username", "password_digest", "group_id", "created_at", "updated_at") VALUES ($1, $2, $3, $4, $5) RETURNING "id"[0m  [["username", "sebastian.st.clair"], ["password_digest", "$2a$10$Zy0dMcuK5WQ8ZedtQywPNOXfqKEsUVcezYIk3yUDr0ILE.aD9xgLa"], ["group_id", 4], ["created_at", "2018-09-30 20:10:07.987997"], ["updated_at", "2018-09-30 20:10:07.987997"]]
  ↳ db/seeds.rb:4
  [1m[35m (0.4ms)[0m  [1m[35mCOMMIT[0m
  ↳ db/seeds.rb:4
  [1m[35m (0.2ms)[0m  [1m[35mBEGIN[0m
  ↳ db/seeds.rb:4
  [1m[36mGroup Load (0.2ms)[0m  [1m[34mSELECT  "groups".* FROM "groups" WHERE "groups"."id" = $1 LIMIT $2[0m  [["id", 4], ["LIMIT", 1]]
  ↳ db/seeds.rb:4
  [1m[36mUser Exists (0.6ms)[0m  [1m[34mSELECT  1 AS one FROM "users" WHERE LOWER("users"."username") = LOWER($1) LIMIT $2[0m  [["username", "mr.peanutbutter"], ["LIMIT", 1]]
  ↳ db/seeds.rb:4
  [1m[36mUser Create (0.5ms)[0m  [1m[32mINSERT INTO "users" ("username", "password_digest", "group_id", "created_at", "updated_at") VALUES ($1, $2, $3, $4, $5) RETURNING "id"[0m  [["username", "mr.peanutbutter"], ["password_digest", "$2a$10$Squ3GILsd0FIGwVSZ.buz.RIztSCgwchNEp4liB8hkt2MwUZ8SyxC"], ["group_id", 4], ["created_at", "2018-09-30 20:10:08.061188"], ["updated_at", "2018-09-30 20:10:08.061188"]]
  ↳ db/seeds.rb:4
  [1m[35m (0.4ms)[0m  [1m[35mCOMMIT[0m
  ↳ db/seeds.rb:4
  [1m[35m (0.2ms)[0m  [1m[35mBEGIN[0m
  ↳ db/seeds.rb:4
  [1m[36mGroup Load (0.2ms)[0m  [1m[34mSELECT  "groups".* FROM "groups" WHERE "groups"."id" = $1 LIMIT $2[0m  [["id", 4], ["LIMIT", 1]]
  ↳ db/seeds.rb:4
  [1m[36mUser Exists (0.5ms)[0m  [1m[34mSELECT  1 AS one FROM "users" WHERE LOWER("users"."username") = LOWER($1) LIMIT $2[0m  [["username", "jogging.baboon"], ["LIMIT", 1]]
  ↳ db/seeds.rb:4
  [1m[36mUser Create (0.4ms)[0m  [1m[32mINSERT INTO "users" ("username", "password_digest", "group_id", "created_at", "updated_at") VALUES ($1, $2, $3, $4, $5) RETURNING "id"[0m  [["username", "jogging.baboon"], ["password_digest", "$2a$10$fnWPRzPyuE2LOzdnlbDp4uCHN9svC.gXH12NAx6PHxYl8n3mePsYu"], ["group_id", 4], ["created_at", "2018-09-30 20:10:08.133483"], ["updated_at", "2018-09-30 20:10:08.133483"]]
  ↳ db/seeds.rb:4
  [1m[35m (0.4ms)[0m  [1m[35mCOMMIT[0m
  ↳ db/seeds.rb:4
  [1m[35m (0.2ms)[0m  [1m[35mBEGIN[0m
  ↳ db/seeds.rb:4
  [1m[36mGroup Load (0.3ms)[0m  [1m[34mSELECT  "groups".* FROM "groups" WHERE "groups"."id" = $1 LIMIT $2[0m  [["id", 4], ["LIMIT", 1]]
  ↳ db/seeds.rb:4
  [1m[36mUser Exists (0.5ms)[0m  [1m[34mSELECT  1 AS one FROM "users" WHERE LOWER("users"."username") = LOWER($1) LIMIT $2[0m  [["username", "rutabaga.rabbitowitz"], ["LIMIT", 1]]
  ↳ db/seeds.rb:4
  [1m[35m (0.2ms)[0m  [1m[31mROLLBACK[0m
  ↳ db/seeds.rb:4
  [1m[35m (0.2ms)[0m  [1m[35mBEGIN[0m
  ↳ db/seeds.rb:4
  [1m[36mGroup Load (0.4ms)[0m  [1m[34mSELECT  "groups".* FROM "groups" WHERE "groups"."id" = $1 LIMIT $2[0m  [["id", 4], ["LIMIT", 1]]
  ↳ db/seeds.rb:4
  [1m[36mUser Exists (0.5ms)[0m  [1m[34mSELECT  1 AS one FROM "users" WHERE LOWER("users"."username") = LOWER($1) LIMIT $2[0m  [["username", "sebastian.st.clair"], ["LIMIT", 1]]
  ↳ db/seeds.rb:4
  [1m[35m (0.2ms)[0m  [1m[31mROLLBACK[0m
  ↳ db/seeds.rb:4
  [1m[35m (0.2ms)[0m  [1m[35mBEGIN[0m
  ↳ db/seeds.rb:4
  [1m[36mGroup Load (0.5ms)[0m  [1m[34mSELECT  "groups".* FROM "groups" WHERE "groups"."id" = $1 LIMIT $2[0m  [["id", 4], ["LIMIT", 1]]
  ↳ db/seeds.rb:4
  [1m[36mUser Exists (0.6ms)[0m  [1m[34mSELECT  1 AS one FROM "users" WHERE LOWER("users"."username") = LOWER($1) LIMIT $2[0m  [["username", "a.ryan.seacrest.type"], ["LIMIT", 1]]
  ↳ db/seeds.rb:4
  [1m[36mUser Create (0.5ms)[0m  [1m[32mINSERT INTO "users" ("username", "password_digest", "group_id", "created_at", "updated_at") VALUES ($1, $2, $3, $4, $5) RETURNING "id"[0m  [["username", "a.ryan.seacrest.type"], ["password_digest", "$2a$10$EgD8i9oQMIAjPhz4lZGtqOrgzaZmXeXiEifpm.nj1W./bGzH4vu/C"], ["group_id", 4], ["created_at", "2018-09-30 20:10:08.348755"], ["updated_at", "2018-09-30 20:10:08.348755"]]
  ↳ db/seeds.rb:4
  [1m[35m (0.4ms)[0m  [1m[35mCOMMIT[0m
  ↳ db/seeds.rb:4
  [1m[35m (0.2ms)[0m  [1m[35mBEGIN[0m
  ↳ db/seeds.rb:4
  [1m[36mGroup Load (0.4ms)[0m  [1m[34mSELECT  "groups".* FROM "groups" WHERE "groups"."id" = $1 LIMIT $2[0m  [["id", 4], ["LIMIT", 1]]
  ↳ db/seeds.rb:4
  [1m[36mUser Exists (0.5ms)[0m  [1m[34mSELECT  1 AS one FROM "users" WHERE LOWER("users"."username") = LOWER($1) LIMIT $2[0m  [["username", "roxy"], ["LIMIT", 1]]
  ↳ db/seeds.rb:4
  [1m[35m (0.2ms)[0m  [1m[31mROLLBACK[0m
  ↳ db/seeds.rb:4
  [1m[35m (0.2ms)[0m  [1m[35mBEGIN[0m
  ↳ db/seeds.rb:4
  [1m[36mGroup Load (0.5ms)[0m  [1m[34mSELECT  "groups".* FROM "groups" WHERE "groups"."id" = $1 LIMIT $2[0m  [["id", 4], ["LIMIT", 1]]
  ↳ db/seeds.rb:4
  [1m[36mUser Exists (0.6ms)[0m  [1m[34mSELECT  1 AS one FROM "users" WHERE LOWER("users"."username") = LOWER($1) LIMIT $2[0m  [["username", "wanda.pierce"], ["LIMIT", 1]]
  ↳ db/seeds.rb:4
  [1m[36mUser Create (0.6ms)[0m  [1m[32mINSERT INTO "users" ("username", "password_digest", "group_id", "created_at", "updated_at") VALUES ($1, $2, $3, $4, $5) RETURNING "id"[0m  [["username", "wanda.pierce"], ["password_digest", "$2a$10$oWa426UXS5IJKuFilleSpOrFvfnqE4tiSYE/9gN/QQb4oFGX1fRHu"], ["group_id", 4], ["created_at", "2018-09-30 20:10:08.493857"], ["updated_at", "2018-09-30 20:10:08.493857"]]
  ↳ db/seeds.rb:4
  [1m[35m (0.4ms)[0m  [1m[35mCOMMIT[0m
  ↳ db/seeds.rb:4
  [1m[35m (0.2ms)[0m  [1m[35mBEGIN[0m
  ↳ db/seeds.rb:4
  [1m[36mGroup Load (0.2ms)[0m  [1m[34mSELECT  "groups".* FROM "groups" WHERE "groups"."id" = $1 LIMIT $2[0m  [["id", 4], ["LIMIT", 1]]
  ↳ db/seeds.rb:4
  [1m[36mUser Exists (0.5ms)[0m  [1m[34mSELECT  1 AS one FROM "users" WHERE LOWER("users"."username") = LOWER($1) LIMIT $2[0m  [["username", "charley.witherspoon"], ["LIMIT", 1]]
  ↳ db/seeds.rb:4
  [1m[36mUser Create (0.6ms)[0m  [1m[32mINSERT INTO "users" ("username", "password_digest", "group_id", "created_at", "updated_at") VALUES ($1, $2, $3, $4, $5) RETURNING "id"[0m  [["username", "charley.witherspoon"], ["password_digest", "$2a$10$chjYqBUFzYIGqXoQ2Ru/.uRO/UYQSrmYWlKkVy4Y6dRBxZHHIZxN6"], ["group_id", 4], ["created_at", "2018-09-30 20:10:08.565952"], ["updated_at", "2018-09-30 20:10:08.565952"]]
  ↳ db/seeds.rb:4
  [1m[35m (0.5ms)[0m  [1m[35mCOMMIT[0m
  ↳ db/seeds.rb:4
  [1m[35m (0.2ms)[0m  [1m[35mBEGIN[0m
  ↳ db/seeds.rb:4
  [1m[36mGroup Load (0.2ms)[0m  [1m[34mSELECT  "groups".* FROM "groups" WHERE "groups"."id" = $1 LIMIT $2[0m  [["id", 4], ["LIMIT", 1]]
  ↳ db/seeds.rb:4
  [1m[36mUser Exists (0.5ms)[0m  [1m[34mSELECT  1 AS one FROM "users" WHERE LOWER("users"."username") = LOWER($1) LIMIT $2[0m  [["username", "wanda.pierce"], ["LIMIT", 1]]
  ↳ db/seeds.rb:4
  [1m[35m (0.2ms)[0m  [1m[31mROLLBACK[0m
  ↳ db/seeds.rb:4
  [1m[35m (0.2ms)[0m  [1m[35mBEGIN[0m
  ↳ db/seeds.rb:4
  [1m[36mGroup Load (0.4ms)[0m  [1m[34mSELECT  "groups".* FROM "groups" WHERE "groups"."id" = $1 LIMIT $2[0m  [["id", 4], ["LIMIT", 1]]
  ↳ db/seeds.rb:4
  [1m[36mUser Exists (0.8ms)[0m  [1m[34mSELECT  1 AS one FROM "users" WHERE LOWER("users"."username") = LOWER($1) LIMIT $2[0m  [["username", "diane.nguyen"], ["LIMIT", 1]]
  ↳ db/seeds.rb:4
  [1m[35m (0.3ms)[0m  [1m[31mROLLBACK[0m
  ↳ db/seeds.rb:4
  [1m[35m (0.3ms)[0m  [1m[35mBEGIN[0m
  ↳ db/seeds.rb:2
  [1m[36mGroup Create (0.4ms)[0m  [1m[32mINSERT INTO "groups" ("title", "created_at", "updated_at") VALUES ($1, $2, $3) RETURNING "id"[0m  [["title", "Import and Export team"], ["created_at", "2018-09-30 20:10:08.712885"], ["updated_at", "2018-09-30 20:10:08.712885"]]
  ↳ db/seeds.rb:2
  [1m[35m (0.8ms)[0m  [1m[35mCOMMIT[0m
  ↳ db/seeds.rb:2
  [1m[35m (0.2ms)[0m  [1m[35mBEGIN[0m
  ↳ db/seeds.rb:4
  [1m[36mGroup Load (0.3ms)[0m  [1m[34mSELECT  "groups".* FROM "groups" WHERE "groups"."id" = $1 LIMIT $2[0m  [["id", 5], ["LIMIT", 1]]
  ↳ db/seeds.rb:4
  [1m[36mUser Exists (0.5ms)[0m  [1m[34mSELECT  1 AS one FROM "users" WHERE LOWER("users"."username") = LOWER($1) LIMIT $2[0m  [["username", "princess.carolyn"], ["LIMIT", 1]]
  ↳ db/seeds.rb:4
  [1m[36mUser Create (0.4ms)[0m  [1m[32mINSERT INTO "users" ("username", "password_digest", "group_id", "created_at", "updated_at") VALUES ($1, $2, $3, $4, $5) RETURNING "id"[0m  [["username", "princess.carolyn"], ["password_digest", "$2a$10$sP331ncmfR2LG86TFx5oPuCmM5CtnneUxBcXVnfwNTiqIbqoav4UW"], ["group_id", 5], ["created_at", "2018-09-30 20:10:08.785543"], ["updated_at", "2018-09-30 20:10:08.785543"]]
  ↳ db/seeds.rb:4
  [1m[35m (0.4ms)[0m  [1m[35mCOMMIT[0m
  ↳ db/seeds.rb:4
  [1m[35m (0.2ms)[0m  [1m[35mBEGIN[0m
  ↳ db/seeds.rb:4
  [1m[36mGroup Load (0.3ms)[0m  [1m[34mSELECT  "groups".* FROM "groups" WHERE "groups"."id" = $1 LIMIT $2[0m  [["id", 5], ["LIMIT", 1]]
  ↳ db/seeds.rb:4
  [1m[36mUser Exists (0.4ms)[0m  [1m[34mSELECT  1 AS one FROM "users" WHERE LOWER("users"."username") = LOWER($1) LIMIT $2[0m  [["username", "katrina.peanutbutter"], ["LIMIT", 1]]
  ↳ db/seeds.rb:4
  [1m[35m (0.2ms)[0m  [1m[31mROLLBACK[0m
  ↳ db/seeds.rb:4
  [1m[35m (0.2ms)[0m  [1m[35mBEGIN[0m
  ↳ db/seeds.rb:4
  [1m[36mGroup Load (0.4ms)[0m  [1m[34mSELECT  "groups".* FROM "groups" WHERE "groups"."id" = $1 LIMIT $2[0m  [["id", 5], ["LIMIT", 1]]
  ↳ db/seeds.rb:4
  [1m[36mUser Exists (0.5ms)[0m  [1m[34mSELECT  1 AS one FROM "users" WHERE LOWER("users"."username") = LOWER($1) LIMIT $2[0m  [["username", "beatrice.horseman"], ["LIMIT", 1]]
  ↳ db/seeds.rb:4
  [1m[35m (0.2ms)[0m  [1m[31mROLLBACK[0m
  ↳ db/seeds.rb:4
  [1m[35m (0.2ms)[0m  [1m[35mBEGIN[0m
  ↳ db/seeds.rb:4
  [1m[36mGroup Load (0.5ms)[0m  [1m[34mSELECT  "groups".* FROM "groups" WHERE "groups"."id" = $1 LIMIT $2[0m  [["id", 5], ["LIMIT", 1]]
  ↳ db/seeds.rb:4
  [1m[36mUser Exists (0.6ms)[0m  [1m[34mSELECT  1 AS one FROM "users" WHERE LOWER("users"."username") = LOWER($1) LIMIT $2[0m  [["username", "herb.kazzaz"], ["LIMIT", 1]]
  ↳ db/seeds.rb:4
  [1m[36mUser Create (0.5ms)[0m  [1m[32mINSERT INTO "users" ("username", "password_digest", "group_id", "created_at", "updated_at") VALUES ($1, $2, $3, $4, $5) RETURNING "id"[0m  [["username", "herb.kazzaz"], ["password_digest", "$2a$10$1K1GNm3zdP24fNqFT0.BTelcYPmiObCR2x9g9fbba6zkoTgmLHjda"], ["group_id", 5], ["created_at", "2018-09-30 20:10:09.000006"], ["updated_at", "2018-09-30 20:10:09.000006"]]
  ↳ db/seeds.rb:4
  [1m[35m (0.4ms)[0m  [1m[35mCOMMIT[0m
  ↳ db/seeds.rb:4
  [1m[35m (0.3ms)[0m  [1m[35mBEGIN[0m
  ↳ db/seeds.rb:4
  [1m[36mGroup Load (0.4ms)[0m  [1m[34mSELECT  "groups".* FROM "groups" WHERE "groups"."id" = $1 LIMIT $2[0m  [["id", 5], ["LIMIT", 1]]
  ↳ db/seeds.rb:4
  [1m[36mUser Exists (0.7ms)[0m  [1m[34mSELECT  1 AS one FROM "users" WHERE LOWER("users"."username") = LOWER($1) LIMIT $2[0m  [["username", "courtney.portnoy"], ["LIMIT", 1]]
  ↳ db/seeds.rb:4
  [1m[36mUser Create (0.5ms)[0m  [1m[32mINSERT INTO "users" ("username", "password_digest", "group_id", "created_at", "updated_at") VALUES ($1, $2, $3, $4, $5) RETURNING "id"[0m  [["username", "courtney.portnoy"], ["password_digest", "$2a$10$l1R6jE1lFVZC/RojQjWOsu99kasqlQJU2CWFBXUXqq5qZ4GyjOF2i"], ["group_id", 5], ["created_at", "2018-09-30 20:10:09.073129"], ["updated_at", "2018-09-30 20:10:09.073129"]]
  ↳ db/seeds.rb:4
  [1m[35m (0.4ms)[0m  [1m[35mCOMMIT[0m
  ↳ db/seeds.rb:4
  [1m[35m (0.4ms)[0m  [1m[35mBEGIN[0m
  ↳ db/seeds.rb:4
  [1m[36mGroup Load (0.3ms)[0m  [1m[34mSELECT  "groups".* FROM "groups" WHERE "groups"."id" = $1 LIMIT $2[0m  [["id", 5], ["LIMIT", 1]]
  ↳ db/seeds.rb:4
  [1m[36mUser Exists (0.6ms)[0m  [1m[34mSELECT  1 AS one FROM "users" WHERE LOWER("users"."username") = LOWER($1) LIMIT $2[0m  [["username", "officer.meow.meow.fuzzyface"], ["LIMIT", 1]]
  ↳ db/seeds.rb:4
  [1m[35m (0.2ms)[0m  [1m[31mROLLBACK[0m
  ↳ db/seeds.rb:4
  [1m[35m (0.1ms)[0m  [1m[35mBEGIN[0m
  ↳ db/seeds.rb:4
  [1m[36mGroup Load (0.4ms)[0m  [1m[34mSELECT  "groups".* FROM "groups" WHERE "groups"."id" = $1 LIMIT $2[0m  [["id", 5], ["LIMIT", 1]]
  ↳ db/seeds.rb:4
  [1m[36mUser Exists (0.5ms)[0m  [1m[34mSELECT  1 AS one FROM "users" WHERE LOWER("users"."username") = LOWER($1) LIMIT $2[0m  [["username", "judah"], ["LIMIT", 1]]
  ↳ db/seeds.rb:4
  [1m[35m (0.3ms)[0m  [1m[31mROLLBACK[0m
  ↳ db/seeds.rb:4
  [1m[35m (0.2ms)[0m  [1m[35mBEGIN[0m
  ↳ db/seeds.rb:4
  [1m[36mGroup Load (0.5ms)[0m  [1m[34mSELECT  "groups".* FROM "groups" WHERE "groups"."id" = $1 LIMIT $2[0m  [["id", 5], ["LIMIT", 1]]
  ↳ db/seeds.rb:4
  [1m[36mUser Exists (0.5ms)[0m  [1m[34mSELECT  1 AS one FROM "users" WHERE LOWER("users"."username") = LOWER($1) LIMIT $2[0m  [["username", "roxy"], ["LIMIT", 1]]
  ↳ db/seeds.rb:4
  [1m[35m (0.2ms)[0m  [1m[31mROLLBACK[0m
  ↳ db/seeds.rb:4
  [1m[35m (0.2ms)[0m  [1m[35mBEGIN[0m
  ↳ db/seeds.rb:4
  [1m[36mGroup Load (0.5ms)[0m  [1m[34mSELECT  "groups".* FROM "groups" WHERE "groups"."id" = $1 LIMIT $2[0m  [["id", 5], ["LIMIT", 1]]
  ↳ db/seeds.rb:4
  [1m[36mUser Exists (0.5ms)[0m  [1m[34mSELECT  1 AS one FROM "users" WHERE LOWER("users"."username") = LOWER($1) LIMIT $2[0m  [["username", "a.ryan.seacrest.type"], ["LIMIT", 1]]
  ↳ db/seeds.rb:4
  [1m[35m (0.2ms)[0m  [1m[31mROLLBACK[0m
  ↳ db/seeds.rb:4
  [1m[35m (0.1ms)[0m  [1m[35mBEGIN[0m
  ↳ db/seeds.rb:4
  [1m[36mGroup Load (0.5ms)[0m  [1m[34mSELECT  "groups".* FROM "groups" WHERE "groups"."id" = $1 LIMIT $2[0m  [["id", 5], ["LIMIT", 1]]
  ↳ db/seeds.rb:4
  [1m[36mUser Exists (0.5ms)[0m  [1m[34mSELECT  1 AS one FROM "users" WHERE LOWER("users"."username") = LOWER($1) LIMIT $2[0m  [["username", "wanda.pierce"], ["LIMIT", 1]]
  ↳ db/seeds.rb:4
  [1m[35m (0.4ms)[0m  [1m[31mROLLBACK[0m
  ↳ db/seeds.rb:4
  [1m[35m (0.4ms)[0m  [1m[35mBEGIN[0m
  ↳ db/seeds.rb:4
  [1m[36mGroup Load (0.6ms)[0m  [1m[34mSELECT  "groups".* FROM "groups" WHERE "groups"."id" = $1 LIMIT $2[0m  [["id", 5], ["LIMIT", 1]]
  ↳ db/seeds.rb:4
  [1m[36mUser Exists (0.6ms)[0m  [1m[34mSELECT  1 AS one FROM "users" WHERE LOWER("users"."username") = LOWER($1) LIMIT $2[0m  [["username", "butterscotch.horseman"], ["LIMIT", 1]]
  ↳ db/seeds.rb:4
  [1m[35m (0.2ms)[0m  [1m[31mROLLBACK[0m
  ↳ db/seeds.rb:4
  [1m[35m (0.2ms)[0m  [1m[35mBEGIN[0m
  ↳ db/seeds.rb:4
  [1m[36mGroup Load (0.4ms)[0m  [1m[34mSELECT  "groups".* FROM "groups" WHERE "groups"."id" = $1 LIMIT $2[0m  [["id", 5], ["LIMIT", 1]]
  ↳ db/seeds.rb:4
  [1m[36mUser Exists (0.5ms)[0m  [1m[34mSELECT  1 AS one FROM "users" WHERE LOWER("users"."username") = LOWER($1) LIMIT $2[0m  [["username", "dr.allen.hu"], ["LIMIT", 1]]
  ↳ db/seeds.rb:4
  [1m[36mUser Create (0.5ms)[0m  [1m[32mINSERT INTO "users" ("username", "password_digest", "group_id", "created_at", "updated_at") VALUES ($1, $2, $3, $4, $5) RETURNING "id"[0m  [["username", "dr.allen.hu"], ["password_digest", "$2a$10$XPGwYfvsvhICUudfXnLdj.FINsG63WceKrHlf5L7pmhaibl.KMfwa"], ["group_id", 5], ["created_at", "2018-09-30 20:10:09.574729"], ["updated_at", "2018-09-30 20:10:09.574729"]]
  ↳ db/seeds.rb:4
  [1m[35m (0.4ms)[0m  [1m[35mCOMMIT[0m
  ↳ db/seeds.rb:4
  [1m[36mGroup Load (0.4ms)[0m  [1m[34mSELECT "groups".* FROM "groups"[0m
  ↳ db/seeds.rb:9
  [1m[35m (0.2ms)[0m  [1m[35mBEGIN[0m
  ↳ db/seeds.rb:9
  [1m[36mGroup Load (0.4ms)[0m  [1m[34mSELECT  "groups".* FROM "groups" WHERE "groups"."id" = $1 LIMIT $2[0m  [["id", 3], ["LIMIT", 1]]
  ↳ db/seeds.rb:9
  [1m[36mUser Exists (0.6ms)[0m  [1m[34mSELECT  1 AS one FROM "users" WHERE LOWER("users"."username") = LOWER($1) LIMIT $2[0m  [["username", "abed.nadir"], ["LIMIT", 1]]
  ↳ db/seeds.rb:9
  [1m[36mUser Create (0.5ms)[0m  [1m[32mINSERT INTO "users" ("username", "password_digest", "group_id", "created_at", "updated_at") VALUES ($1, $2, $3, $4, $5) RETURNING "id"[0m  [["username", "abed.nadir"], ["password_digest", "$2a$10$dXyv36PhC6F5/RXg49MpsuEyTX0e7zQkOPWrFBmrFw5jDzYb7UQ9i"], ["group_id", 3], ["created_at", "2018-09-30 20:10:09.647493"], ["updated_at", "2018-09-30 20:10:09.647493"]]
  ↳ db/seeds.rb:9
  [1m[35m (0.3ms)[0m  [1m[35mCOMMIT[0m
  ↳ db/seeds.rb:9
  [1m[36mGroup Load (0.4ms)[0m  [1m[34mSELECT "groups".* FROM "groups"[0m
  ↳ db/seeds.rb:9
  [1m[35m (0.3ms)[0m  [1m[35mBEGIN[0m
  ↳ db/seeds.rb:9
  [1m[36mGroup Load (0.3ms)[0m  [1m[34mSELECT  "groups".* FROM "groups" WHERE "groups"."id" = $1 LIMIT $2[0m  [["id", 1], ["LIMIT", 1]]
  ↳ db/seeds.rb:9
  [1m[36mUser Exists (0.5ms)[0m  [1m[34mSELECT  1 AS one FROM "users" WHERE LOWER("users"."username") = LOWER($1) LIMIT $2[0m  [["username", "magnitude"], ["LIMIT", 1]]
  ↳ db/seeds.rb:9
  [1m[36mUser Create (0.5ms)[0m  [1m[32mINSERT INTO "users" ("username", "password_digest", "group_id", "created_at", "updated_at") VALUES ($1, $2, $3, $4, $5) RETURNING "id"[0m  [["username", "magnitude"], ["password_digest", "$2a$10$0.Olk3bkJubrFALe09HTROPjx/NcTInL7AnbmOAWmnlLpfK.mWL8u"], ["group_id", 1], ["created_at", "2018-09-30 20:10:09.721176"], ["updated_at", "2018-09-30 20:10:09.721176"]]
  ↳ db/seeds.rb:9
  [1m[35m (0.4ms)[0m  [1m[35mCOMMIT[0m
  ↳ db/seeds.rb:9
  [1m[36mGroup Load (0.4ms)[0m  [1m[34mSELECT "groups".* FROM "groups"[0m
  ↳ db/seeds.rb:9
  [1m[35m (0.2ms)[0m  [1m[35mBEGIN[0m
  ↳ db/seeds.rb:9
  [1m[36mGroup Load (0.4ms)[0m  [1m[34mSELECT  "groups".* FROM "groups" WHERE "groups"."id" = $1 LIMIT $2[0m  [["id", 2], ["LIMIT", 1]]
  ↳ db/seeds.rb:9
  [1m[36mUser Exists (0.6ms)[0m  [1m[34mSELECT  1 AS one FROM "users" WHERE LOWER("users"."username") = LOWER($1) LIMIT $2[0m  [["username", "annie's.boobs"], ["LIMIT", 1]]
  ↳ db/seeds.rb:9
  [1m[36mUser Create (0.6ms)[0m  [1m[32mINSERT INTO "users" ("username", "password_digest", "group_id", "created_at", "updated_at") VALUES ($1, $2, $3, $4, $5) RETURNING "id"[0m  [["username", "annie's.boobs"], ["password_digest", "$2a$10$V5Taj6P8f1Hk5xlK6J8em.XHdk/d8CezMWBEZfwpYJXX4gqy6CSK."], ["group_id", 2], ["created_at", "2018-09-30 20:10:09.795301"], ["updated_at", "2018-09-30 20:10:09.795301"]]
  ↳ db/seeds.rb:9
  [1m[35m (0.4ms)[0m  [1m[35mCOMMIT[0m
  ↳ db/seeds.rb:9
  [1m[36mGroup Load (0.4ms)[0m  [1m[34mSELECT "groups".* FROM "groups"[0m
  ↳ db/seeds.rb:9
  [1m[35m (0.2ms)[0m  [1m[35mBEGIN[0m
  ↳ db/seeds.rb:9
  [1m[36mGroup Load (0.3ms)[0m  [1m[34mSELECT  "groups".* FROM "groups" WHERE "groups"."id" = $1 LIMIT $2[0m  [["id", 4], ["LIMIT", 1]]
  ↳ db/seeds.rb:9
  [1m[36mUser Exists (0.5ms)[0m  [1m[34mSELECT  1 AS one FROM "users" WHERE LOWER("users"."username") = LOWER($1) LIMIT $2[0m  [["username", "constable.reggie"], ["LIMIT", 1]]
  ↳ db/seeds.rb:9
  [1m[36mUser Create (0.4ms)[0m  [1m[32mINSERT INTO "users" ("username", "password_digest", "group_id", "created_at", "updated_at") VALUES ($1, $2, $3, $4, $5) RETURNING "id"[0m  [["username", "constable.reggie"], ["password_digest", "$2a$10$tdUpUxG65ViwTFBCeLbWr.PgLofKyrn78m6W3IHl7IlBytVyvVs7C"], ["group_id", 4], ["created_at", "2018-09-30 20:10:09.868877"], ["updated_at", "2018-09-30 20:10:09.868877"]]
  ↳ db/seeds.rb:9
  [1m[35m (0.3ms)[0m  [1m[35mCOMMIT[0m
  ↳ db/seeds.rb:9
  [1m[36mGroup Load (0.4ms)[0m  [1m[34mSELECT "groups".* FROM "groups"[0m
  ↳ db/seeds.rb:9
  [1m[35m (0.2ms)[0m  [1m[35mBEGIN[0m
  ↳ db/seeds.rb:9
  [1m[36mGroup Load (0.3ms)[0m  [1m[34mSELECT  "groups".* FROM "groups" WHERE "groups"."id" = $1 LIMIT $2[0m  [["id", 2], ["LIMIT", 1]]
  ↳ db/seeds.rb:9
  [1m[36mUser Exists (0.5ms)[0m  [1m[34mSELECT  1 AS one FROM "users" WHERE LOWER("users"."username") = LOWER($1) LIMIT $2[0m  [["username", "ian.duncan"], ["LIMIT", 1]]
  ↳ db/seeds.rb:9
  [1m[36mUser Create (0.6ms)[0m  [1m[32mINSERT INTO "users" ("username", "password_digest", "group_id", "created_at", "updated_at") VALUES ($1, $2, $3, $4, $5) RETURNING "id"[0m  [["username", "ian.duncan"], ["password_digest", "$2a$10$S0bOPL/tHZA1T/k46G9d3eJJQQGJPCkJoWgxo5p.UrrJTyHBm/uL."], ["group_id", 2], ["created_at", "2018-09-30 20:10:09.941774"], ["updated_at", "2018-09-30 20:10:09.941774"]]
  ↳ db/seeds.rb:9
  [1m[35m (0.8ms)[0m  [1m[35mCOMMIT[0m
  ↳ db/seeds.rb:9
  [1m[36mGroup Load (0.5ms)[0m  [1m[34mSELECT "groups".* FROM "groups"[0m
  ↳ db/seeds.rb:9
  [1m[35m (0.2ms)[0m  [1m[35mBEGIN[0m
  ↳ db/seeds.rb:9
  [1m[36mGroup Load (0.3ms)[0m  [1m[34mSELECT  "groups".* FROM "groups" WHERE "groups"."id" = $1 LIMIT $2[0m  [["id", 4], ["LIMIT", 1]]
  ↳ db/seeds.rb:9
  [1m[36mUser Exists (0.5ms)[0m  [1m[34mSELECT  1 AS one FROM "users" WHERE LOWER("users"."username") = LOWER($1) LIMIT $2[0m  [["username", "michelle.slater"], ["LIMIT", 1]]
  ↳ db/seeds.rb:9
  [1m[36mUser Create (0.7ms)[0m  [1m[32mINSERT INTO "users" ("username", "password_digest", "group_id", "created_at", "updated_at") VALUES ($1, $2, $3, $4, $5) RETURNING "id"[0m  [["username", "michelle.slater"], ["password_digest", "$2a$10$ucBSrmeKRDQvCsMrYWGzE.qqV5EtbxYciEhUYwifXAQkrgEmkVHBq"], ["group_id", 4], ["created_at", "2018-09-30 20:10:10.015723"], ["updated_at", "2018-09-30 20:10:10.015723"]]
  ↳ db/seeds.rb:9
  [1m[35m (0.4ms)[0m  [1m[35mCOMMIT[0m
  ↳ db/seeds.rb:9
  [1m[36mGroup Load (0.4ms)[0m  [1m[34mSELECT "groups".* FROM "groups"[0m
  ↳ db/seeds.rb:9
  [1m[35m (0.2ms)[0m  [1m[35mBEGIN[0m
  ↳ db/seeds.rb:9
  [1m[36mGroup Load (0.2ms)[0m  [1m[34mSELECT  "groups".* FROM "groups" WHERE "groups"."id" = $1 LIMIT $2[0m  [["id", 4], ["LIMIT", 1]]
  ↳ db/seeds.rb:9
  [1m[36mUser Exists (0.5ms)[0m  [1m[34mSELECT  1 AS one FROM "users" WHERE LOWER("users"."username") = LOWER($1) LIMIT $2[0m  [["username", "annie.kim"], ["LIMIT", 1]]
  ↳ db/seeds.rb:9
  [1m[36mUser Create (0.4ms)[0m  [1m[32mINSERT INTO "users" ("username", "password_digest", "group_id", "created_at", "updated_at") VALUES ($1, $2, $3, $4, $5) RETURNING "id"[0m  [["username", "annie.kim"], ["password_digest", "$2a$10$2gTU/VpbausTv6IL8cY8y.zyskZmpLpXP4pBRq22fxBO7NO9wndRu"], ["group_id", 4], ["created_at", "2018-09-30 20:10:10.089601"], ["updated_at", "2018-09-30 20:10:10.089601"]]
  ↳ db/seeds.rb:9
  [1m[35m (0.4ms)[0m  [1m[35mCOMMIT[0m
  ↳ db/seeds.rb:9
  [1m[36mGroup Load (0.8ms)[0m  [1m[34mSELECT "groups".* FROM "groups"[0m
  ↳ db/seeds.rb:9
  [1m[35m (0.2ms)[0m  [1m[35mBEGIN[0m
  ↳ db/seeds.rb:9
  [1m[36mGroup Load (0.2ms)[0m  [1m[34mSELECT  "groups".* FROM "groups" WHERE "groups"."id" = $1 LIMIT $2[0m  [["id", 2], ["LIMIT", 1]]
  ↳ db/seeds.rb:9
  [1m[36mUser Exists (0.5ms)[0m  [1m[34mSELECT  1 AS one FROM "users" WHERE LOWER("users"."username") = LOWER($1) LIMIT $2[0m  [["username", "sean.garrig"], ["LIMIT", 1]]
  ↳ db/seeds.rb:9
  [1m[36mUser Create (0.5ms)[0m  [1m[32mINSERT INTO "users" ("username", "password_digest", "group_id", "created_at", "updated_at") VALUES ($1, $2, $3, $4, $5) RETURNING "id"[0m  [["username", "sean.garrig"], ["password_digest", "$2a$10$2Dz7T/1V76z1fxVo8xTFyeLKeTKwMIUP9KGJb9dLYunqT93HAXpTa"], ["group_id", 2], ["created_at", "2018-09-30 20:10:10.163399"], ["updated_at", "2018-09-30 20:10:10.163399"]]
  ↳ db/seeds.rb:9
  [1m[35m (0.4ms)[0m  [1m[35mCOMMIT[0m
  ↳ db/seeds.rb:9
  [1m[36mGroup Load (0.4ms)[0m  [1m[34mSELECT "groups".* FROM "groups"[0m
  ↳ db/seeds.rb:9
  [1m[35m (0.2ms)[0m  [1m[35mBEGIN[0m
  ↳ db/seeds.rb:9
  [1m[36mGroup Load (0.2ms)[0m  [1m[34mSELECT  "groups".* FROM "groups" WHERE "groups"."id" = $1 LIMIT $2[0m  [["id", 4], ["LIMIT", 1]]
  ↳ db/seeds.rb:9
  [1m[36mUser Exists (0.5ms)[0m  [1m[34mSELECT  1 AS one FROM "users" WHERE LOWER("users"."username") = LOWER($1) LIMIT $2[0m  [["username", "neil"], ["LIMIT", 1]]
  ↳ db/seeds.rb:9
  [1m[36mUser Create (0.4ms)[0m  [1m[32mINSERT INTO "users" ("username", "password_digest", "group_id", "created_at", "updated_at") VALUES ($1, $2, $3, $4, $5) RETURNING "id"[0m  [["username", "neil"], ["password_digest", "$2a$10$n2KUm4dlSevNPBaElltB0O2emIYdzdcfgN3vJXnHKXXcKkkZXpAua"], ["group_id", 4], ["created_at", "2018-09-30 20:10:10.236125"], ["updated_at", "2018-09-30 20:10:10.236125"]]
  ↳ db/seeds.rb:9
  [1m[35m (0.4ms)[0m  [1m[35mCOMMIT[0m
  ↳ db/seeds.rb:9
  [1m[36mGroup Load (0.3ms)[0m  [1m[34mSELECT "groups".* FROM "groups"[0m
  ↳ db/seeds.rb:9
  [1m[35m (0.2ms)[0m  [1m[35mBEGIN[0m
  ↳ db/seeds.rb:9
  [1m[36mGroup Load (0.2ms)[0m  [1m[34mSELECT  "groups".* FROM "groups" WHERE "groups"."id" = $1 LIMIT $2[0m  [["id", 2], ["LIMIT", 1]]
  ↳ db/seeds.rb:9
  [1m[36mUser Exists (0.4ms)[0m  [1m[34mSELECT  1 AS one FROM "users" WHERE LOWER("users"."username") = LOWER($1) LIMIT $2[0m  [["username", "inspector.spacetime"], ["LIMIT", 1]]
  ↳ db/seeds.rb:9
  [1m[36mUser Create (0.5ms)[0m  [1m[32mINSERT INTO "users" ("username", "password_digest", "group_id", "created_at", "updated_at") VALUES ($1, $2, $3, $4, $5) RETURNING "id"[0m  [["username", "inspector.spacetime"], ["password_digest", "$2a$10$W0GI0Z6sXXackbaYN81QOOAAd5sTVcJxhquTOUkz6lTXuu5yvCWj2"], ["group_id", 2], ["created_at", "2018-09-30 20:10:10.309178"], ["updated_at", "2018-09-30 20:10:10.309178"]]
  ↳ db/seeds.rb:9
  [1m[35m (0.4ms)[0m  [1m[35mCOMMIT[0m
  ↳ db/seeds.rb:9
